<?xml version="1.0" encoding="UTF-8"?>
<!-- Generated by org.testng.reporters.JUnitXMLReporter -->
<testsuite ignored="0" hostname="USPL-085" failures="1" tests="6" name="Test" time="3.697" errors="0" timestamp="08 Aug 2020 11:10:03 GMT">
  <testcase classname="org.testing.TestScripts.PostRequestTC" name="TC1" time="3.261"/>
  <testcase classname="org.testing.TestScripts.GetRequestTC" name="TC2" time="0.094"/>
  <testcase classname="org.testing.TestScripts.GetRequestWithQueryParameters" name="TC3" time="0.143"/>
  <testcase classname="org.testing.TestScripts.PutRequest" name="TC4" time="0.067"/>
  <testcase classname="org.testing.TestScripts.DeleteRequest" name="TC5" time="0.037"/>
  <testcase classname="org.testing.TestScripts.ReadNUpdateJsonFile" name="TC6" time="0.028">
    <failure type="org.json.JSONException" message="JSONObject[&amp;quot;options&amp;quot;] not found.">
      <![CDATA[org.json.JSONException: JSONObject["options"] not found.
	at org.json.JSONObject.get(JSONObject.java:572)
	at org.json.JSONObject.getJSONObject(JSONObject.java:782)
	at org.testing.utilities.jsonHandling.jsonHandler(jsonHandling.java:16)
	at org.testing.TestScripts.ReadNUpdateJsonFile.TC6(ReadNUpdateJsonFile.java:23)
... Removed 25 stack frames]]>
    </failure>
  </testcase> <!-- TC6 -->
</testsuite> <!-- Test -->
