<?xml version="1.0" encoding="UTF-8"?>
<testng-results ignored="0" total="1" passed="1" failed="0" skipped="0">
  <reporter-output>
  </reporter-output>
  <suite started-at="2020-08-08T06:15:58Z" name="Suite" finished-at="2020-08-08T06:15:59Z" duration-ms="70">
    <groups>
    </groups>
    <test started-at="2020-08-08T06:15:58Z" name="Test" finished-at="2020-08-08T06:15:59Z" duration-ms="70">
      <class name="org.testing.TestScripts.TestNG1">
        <test-method signature="TC1()[pri:0, instance:org.testing.TestScripts.TestNG1@3de8f619]" started-at="2020-08-08T11:45:59Z" name="TC1" finished-at="2020-08-08T11:45:59Z" duration-ms="19" status="PASS">
          <reporter-output>
          </reporter-output>
        </test-method> <!-- TC1 -->
      </class> <!-- org.testing.TestScripts.TestNG1 -->
    </test> <!-- Test -->
  </suite> <!-- Suite -->
</testng-results>
