<?xml version="1.0" encoding="UTF-8"?>
<testng-results ignored="0" total="6" passed="5" failed="1" skipped="0">
  <reporter-output>
  </reporter-output>
  <suite started-at="2020-08-08T11:10:00Z" name="Suite" finished-at="2020-08-08T11:10:03Z" duration-ms="3697">
    <groups>
    </groups>
    <test started-at="2020-08-08T11:10:00Z" name="Test" finished-at="2020-08-08T11:10:03Z" duration-ms="3697">
      <class name="org.testing.TestScripts.PutRequest">
        <test-method signature="TC4()[pri:0, instance:org.testing.TestScripts.PutRequest@6e535154]" started-at="2020-08-08T16:40:03Z" name="TC4" finished-at="2020-08-08T16:40:03Z" duration-ms="67" status="PASS">
          <reporter-output>
          </reporter-output>
        </test-method> <!-- TC4 -->
      </class> <!-- org.testing.TestScripts.PutRequest -->
      <class name="org.testing.TestScripts.PostRequestTC">
        <test-method signature="TC1()[pri:0, instance:org.testing.TestScripts.PostRequestTC@2de56eb2]" started-at="2020-08-08T16:40:00Z" name="TC1" finished-at="2020-08-08T16:40:03Z" duration-ms="3261" status="PASS">
          <reporter-output>
          </reporter-output>
        </test-method> <!-- TC1 -->
      </class> <!-- org.testing.TestScripts.PostRequestTC -->
      <class name="org.testing.TestScripts.ReadNUpdateJsonFile">
        <test-method signature="TC6()[pri:0, instance:org.testing.TestScripts.ReadNUpdateJsonFile@5b38c1ec]" started-at="2020-08-08T16:40:03Z" name="TC6" finished-at="2020-08-08T16:40:03Z" duration-ms="28" status="FAIL">
          <exception class="org.json.JSONException">
            <message>
              <![CDATA[JSONObject["options"] not found.]]>
            </message>
            <full-stacktrace>
              <![CDATA[org.json.JSONException: JSONObject["options"] not found.
	at org.json.JSONObject.get(JSONObject.java:572)
	at org.json.JSONObject.getJSONObject(JSONObject.java:782)
	at org.testing.utilities.jsonHandling.jsonHandler(jsonHandling.java:16)
	at org.testing.TestScripts.ReadNUpdateJsonFile.TC6(ReadNUpdateJsonFile.java:23)
	at java.base/jdk.internal.reflect.NativeMethodAccessorImpl.invoke0(Native Method)
	at java.base/jdk.internal.reflect.NativeMethodAccessorImpl.invoke(NativeMethodAccessorImpl.java:62)
	at java.base/jdk.internal.reflect.DelegatingMethodAccessorImpl.invoke(DelegatingMethodAccessorImpl.java:43)
	at java.base/java.lang.reflect.Method.invoke(Method.java:564)
	at org.testng.internal.MethodInvocationHelper.invokeMethod(MethodInvocationHelper.java:104)
	at org.testng.internal.Invoker.invokeMethod(Invoker.java:645)
	at org.testng.internal.Invoker.invokeTestMethod(Invoker.java:851)
	at org.testng.internal.Invoker.invokeTestMethods(Invoker.java:1177)
	at org.testng.internal.TestMethodWorker.invokeTestMethods(TestMethodWorker.java:129)
	at org.testng.internal.TestMethodWorker.run(TestMethodWorker.java:112)
	at org.testng.TestRunner.privateRun(TestRunner.java:756)
	at org.testng.TestRunner.run(TestRunner.java:610)
	at org.testng.SuiteRunner.runTest(SuiteRunner.java:387)
	at org.testng.SuiteRunner.runSequentially(SuiteRunner.java:382)
	at org.testng.SuiteRunner.privateRun(SuiteRunner.java:340)
	at org.testng.SuiteRunner.run(SuiteRunner.java:289)
	at org.testng.SuiteRunnerWorker.runSuite(SuiteRunnerWorker.java:52)
	at org.testng.SuiteRunnerWorker.run(SuiteRunnerWorker.java:86)
	at org.testng.TestNG.runSuitesSequentially(TestNG.java:1293)
	at org.testng.TestNG.runSuitesLocally(TestNG.java:1218)
	at org.testng.TestNG.runSuites(TestNG.java:1133)
	at org.testng.TestNG.run(TestNG.java:1104)
	at org.testng.remote.AbstractRemoteTestNG.run(AbstractRemoteTestNG.java:115)
	at org.testng.remote.RemoteTestNG.initAndRun(RemoteTestNG.java:251)
	at org.testng.remote.RemoteTestNG.main(RemoteTestNG.java:77)
]]>
            </full-stacktrace>
          </exception> <!-- org.json.JSONException -->
          <reporter-output>
          </reporter-output>
        </test-method> <!-- TC6 -->
      </class> <!-- org.testing.TestScripts.ReadNUpdateJsonFile -->
      <class name="org.testing.TestScripts.GetRequestWithQueryParameters">
        <test-method signature="TC3()[pri:0, instance:org.testing.TestScripts.GetRequestWithQueryParameters@17bffc17]" started-at="2020-08-08T16:40:03Z" name="TC3" finished-at="2020-08-08T16:40:03Z" duration-ms="143" status="PASS">
          <reporter-output>
          </reporter-output>
        </test-method> <!-- TC3 -->
      </class> <!-- org.testing.TestScripts.GetRequestWithQueryParameters -->
      <class name="org.testing.TestScripts.DeleteRequest">
        <test-method signature="TC5()[pri:0, instance:org.testing.TestScripts.DeleteRequest@15a34df2]" started-at="2020-08-08T16:40:03Z" name="TC5" finished-at="2020-08-08T16:40:03Z" duration-ms="37" status="PASS">
          <reporter-output>
          </reporter-output>
        </test-method> <!-- TC5 -->
      </class> <!-- org.testing.TestScripts.DeleteRequest -->
      <class name="org.testing.TestScripts.GetRequestTC">
        <test-method signature="TC2()[pri:0, instance:org.testing.TestScripts.GetRequestTC@3cce5371]" started-at="2020-08-08T16:40:03Z" name="TC2" finished-at="2020-08-08T16:40:03Z" duration-ms="94" status="PASS">
          <reporter-output>
          </reporter-output>
        </test-method> <!-- TC2 -->
      </class> <!-- org.testing.TestScripts.GetRequestTC -->
    </test> <!-- Test -->
  </suite> <!-- Suite -->
</testng-results>
